{"contracts/Raffle.sol":{"l":{"67":3,"68":3,"69":3,"70":3,"71":3,"72":3,"73":3,"74":3,"78":15,"79":1,"81":14,"82":1,"84":13,"87":13,"111":10,"112":10,"113":10,"114":10,"115":10,"116":10,"122":6,"123":6,"124":1,"130":5,"131":5,"138":5,"145":1,"146":1,"147":1,"148":1,"149":1,"150":1,"151":1,"152":1,"153":0,"155":1,"161":14,"165":1,"169":1,"173":5,"177":0,"181":1,"185":2,"189":0,"193":14},"path":"/home/mikey/hardhat-smartcontract-lottery/contracts/Raffle.sol","s":{"1":3,"2":3,"3":3,"4":3,"5":3,"6":3,"7":3,"8":3,"9":15,"10":14,"11":13,"12":13,"13":10,"14":10,"15":10,"16":10,"17":10,"18":10,"19":6,"20":6,"21":5,"22":5,"23":5,"24":1,"25":1,"26":1,"27":1,"28":1,"29":1,"30":1,"31":1,"32":1,"33":14,"34":1,"35":1,"36":5,"37":0,"38":1,"39":2,"40":0,"41":14},"b":{"1":[1,14],"2":[1,13],"3":[1,5],"4":[0,1]},"f":{"1":3,"2":15,"3":10,"4":6,"5":1,"6":14,"7":1,"8":1,"9":5,"10":0,"11":1,"12":2,"13":0,"14":14},"fnMap":{"1":{"name":"constructor","line":66,"loc":{"start":{"line":59,"column":4},"end":{"line":75,"column":4}}},"2":{"name":"enterRaffle","line":77,"loc":{"start":{"line":77,"column":4},"end":{"line":88,"column":4}}},"3":{"name":"checkUpkeep","line":100,"loc":{"start":{"line":100,"column":4},"end":{"line":117,"column":4}}},"4":{"name":"performUpkeep","line":119,"loc":{"start":{"line":119,"column":4},"end":{"line":139,"column":4}}},"5":{"name":"fulfillRandomWords","line":141,"loc":{"start":{"line":141,"column":4},"end":{"line":156,"column":4}}},"6":{"name":"getEntranceFee","line":160,"loc":{"start":{"line":160,"column":4},"end":{"line":162,"column":4}}},"7":{"name":"getPlayers","line":164,"loc":{"start":{"line":164,"column":4},"end":{"line":166,"column":4}}},"8":{"name":"getRecentWinner","line":168,"loc":{"start":{"line":168,"column":4},"end":{"line":170,"column":4}}},"9":{"name":"getRaffleState","line":172,"loc":{"start":{"line":172,"column":4},"end":{"line":174,"column":4}}},"10":{"name":"getNumWords","line":176,"loc":{"start":{"line":176,"column":4},"end":{"line":178,"column":4}}},"11":{"name":"getNumberofPlayers","line":180,"loc":{"start":{"line":180,"column":4},"end":{"line":182,"column":4}}},"12":{"name":"getLatestTimeStamp","line":184,"loc":{"start":{"line":184,"column":4},"end":{"line":186,"column":4}}},"13":{"name":"getRequestConfirmations","line":188,"loc":{"start":{"line":188,"column":4},"end":{"line":190,"column":4}}},"14":{"name":"getInterval","line":192,"loc":{"start":{"line":192,"column":4},"end":{"line":194,"column":4}}}},"statementMap":{"1":{"start":{"line":67,"column":8},"end":{"line":67,"column":34}},"2":{"start":{"line":68,"column":8},"end":{"line":68,"column":69}},"3":{"start":{"line":69,"column":8},"end":{"line":69,"column":26}},"4":{"start":{"line":70,"column":8},"end":{"line":70,"column":40}},"5":{"start":{"line":71,"column":8},"end":{"line":71,"column":44}},"6":{"start":{"line":72,"column":8},"end":{"line":72,"column":39}},"7":{"start":{"line":73,"column":8},"end":{"line":73,"column":40}},"8":{"start":{"line":74,"column":8},"end":{"line":74,"column":28}},"9":{"start":{"line":78,"column":8},"end":{"line":78,"column":2526}},"10":{"start":{"line":81,"column":8},"end":{"line":81,"column":2627}},"11":{"start":{"line":84,"column":8},"end":{"line":84,"column":42}},"12":{"start":{"line":87,"column":8},"end":{"line":87,"column":36}},"13":{"start":{"line":111,"column":8},"end":{"line":111,"column":57}},"14":{"start":{"line":112,"column":8},"end":{"line":112,"column":76}},"15":{"start":{"line":113,"column":8},"end":{"line":113,"column":46}},"16":{"start":{"line":114,"column":8},"end":{"line":114,"column":53}},"17":{"start":{"line":115,"column":8},"end":{"line":115,"column":72}},"18":{"start":{"line":116,"column":8},"end":{"line":116,"column":36}},"19":{"start":{"line":122,"column":8},"end":{"line":122,"column":49}},"20":{"start":{"line":123,"column":8},"end":{"line":123,"column":4084}},"21":{"start":{"line":130,"column":8},"end":{"line":130,"column":46}},"22":{"start":{"line":131,"column":8},"end":{"line":131,"column":4344}},"23":{"start":{"line":138,"column":8},"end":{"line":138,"column":43}},"24":{"start":{"line":145,"column":8},"end":{"line":145,"column":65}},"25":{"start":{"line":146,"column":8},"end":{"line":146,"column":63}},"26":{"start":{"line":147,"column":8},"end":{"line":147,"column":36}},"27":{"start":{"line":148,"column":8},"end":{"line":148,"column":39}},"28":{"start":{"line":149,"column":8},"end":{"line":149,"column":43}},"29":{"start":{"line":150,"column":8},"end":{"line":150,"column":40}},"30":{"start":{"line":151,"column":8},"end":{"line":151,"column":78}},"31":{"start":{"line":152,"column":8},"end":{"line":152,"column":5124}},"32":{"start":{"line":155,"column":8},"end":{"line":155,"column":39}},"33":{"start":{"line":161,"column":8},"end":{"line":161,"column":28}},"34":{"start":{"line":165,"column":8},"end":{"line":165,"column":31}},"35":{"start":{"line":169,"column":8},"end":{"line":169,"column":29}},"36":{"start":{"line":173,"column":8},"end":{"line":173,"column":28}},"37":{"start":{"line":177,"column":8},"end":{"line":177,"column":24}},"38":{"start":{"line":181,"column":8},"end":{"line":181,"column":31}},"39":{"start":{"line":185,"column":8},"end":{"line":185,"column":30}},"40":{"start":{"line":189,"column":8},"end":{"line":189,"column":36}},"41":{"start":{"line":193,"column":8},"end":{"line":193,"column":25}}},"branchMap":{"1":{"line":78,"type":"if","locations":[{"start":{"line":78,"column":8},"end":{"line":78,"column":8}},{"start":{"line":78,"column":8},"end":{"line":78,"column":8}}]},"2":{"line":81,"type":"if","locations":[{"start":{"line":81,"column":8},"end":{"line":81,"column":8}},{"start":{"line":81,"column":8},"end":{"line":81,"column":8}}]},"3":{"line":123,"type":"if","locations":[{"start":{"line":123,"column":8},"end":{"line":123,"column":8}},{"start":{"line":123,"column":8},"end":{"line":123,"column":8}}]},"4":{"line":152,"type":"if","locations":[{"start":{"line":152,"column":8},"end":{"line":152,"column":8}},{"start":{"line":152,"column":8},"end":{"line":152,"column":8}}]}}},"contracts/test/VRFCoordinatorV2Mock.sol":{"l":{},"path":"/home/mikey/hardhat-smartcontract-lottery/contracts/test/VRFCoordinatorV2Mock.sol","s":{},"b":{},"f":{},"fnMap":{},"statementMap":{},"branchMap":{}}}