TN:
SF:/home/mikey/hardhat-smartcontract-lottery/contracts/Raffle.sol
FN:66,constructor
FN:77,enterRaffle
FN:100,checkUpkeep
FN:119,performUpkeep
FN:141,fulfillRandomWords
FN:160,getEntranceFee
FN:164,getPlayers
FN:168,getRecentWinner
FN:172,getRaffleState
FN:176,getNumWords
FN:180,getNumberofPlayers
FN:184,getLatestTimeStamp
FN:188,getRequestConfirmations
FN:192,getInterval
FNF:14
FNH:12
FNDA:3,constructor
FNDA:15,enterRaffle
FNDA:10,checkUpkeep
FNDA:6,performUpkeep
FNDA:1,fulfillRandomWords
FNDA:14,getEntranceFee
FNDA:1,getPlayers
FNDA:1,getRecentWinner
FNDA:5,getRaffleState
FNDA:0,getNumWords
FNDA:1,getNumberofPlayers
FNDA:2,getLatestTimeStamp
FNDA:0,getRequestConfirmations
FNDA:14,getInterval
DA:67,3
DA:68,3
DA:69,3
DA:70,3
DA:71,3
DA:72,3
DA:73,3
DA:74,3
DA:78,15
DA:79,1
DA:81,14
DA:82,1
DA:84,13
DA:87,13
DA:111,10
DA:112,10
DA:113,10
DA:114,10
DA:115,10
DA:116,10
DA:122,6
DA:123,6
DA:124,1
DA:130,5
DA:131,5
DA:138,5
DA:145,1
DA:146,1
DA:147,1
DA:148,1
DA:149,1
DA:150,1
DA:151,1
DA:152,1
DA:153,0
DA:155,1
DA:161,14
DA:165,1
DA:169,1
DA:173,5
DA:177,0
DA:181,1
DA:185,2
DA:189,0
DA:193,14
LF:45
LH:42
BRDA:78,1,0,1
BRDA:78,1,1,14
BRDA:81,2,0,1
BRDA:81,2,1,13
BRDA:123,3,0,1
BRDA:123,3,1,5
BRDA:152,4,0,0
BRDA:152,4,1,1
BRF:8
BRH:7
end_of_record
TN:
SF:/home/mikey/hardhat-smartcontract-lottery/contracts/test/VRFCoordinatorV2Mock.sol
FNF:0
FNH:0
LF:0
LH:0
BRF:0
BRH:0
end_of_record
